{"name": "test_login", "status": "failed", "statusDetails": {"message": "AssertionError: assert 1 == 2", "trace": "self = <test_case.test_login.test_login.Test_Login object at 0x000001715CD2BB80>\nmy_fixture = None\n\n    def test_login(self, my_fixture):\n        self.login.login()\n        # self.driver.click_element('id','LoginName')\n        # self.login.assert_all(1, 2)\n>       assert 1 == 2\nE       assert 1 == 2\n\ntest_case\\test_login\\test_login.py:25: AssertionError"}, "steps": [{"name": "添加失败截图...", "status": "passed", "attachments": [{"name": "失败截图", "source": "0b9ed0b8-358c-4006-9b68-dc7ee32c114d-attachment.png", "type": "image/png"}], "start": 1635451948789, "stop": 1635451949324}], "attachments": [{"name": "log", "source": "ec1dd93a-9d4d-44fa-b557-7cbdc1adafe0-attachment.txt", "type": "text/plain"}], "start": 1635451943411, "stop": 1635451948707, "uuid": "31a95b41-d5e6-4736-9cbd-0033daf3556f", "historyId": "9f216fc9b2ca99d693b167db8be2a798", "testCaseId": "e58789b5f6eda71a68ab2350e9f1304c", "fullName": "test_case.test_login.test_login.Test_Login#test_login", "labels": [{"name": "tag", "value": "@pytest.mark.usefixtures('driver_setup')"}, {"name": "parentSuite", "value": "test_case.test_login"}, {"name": "suite", "value": "test_login"}, {"name": "subSuite", "value": "Test_Login"}, {"name": "host", "value": "DESKTOP-OFACEPK"}, {"name": "thread", "value": "4892-MainThread"}, {"name": "framework", "value": "pytest"}, {"name": "language", "value": "cpython3"}, {"name": "package", "value": "test_case.test_login.test_login"}]}